0 info it worked if it ends with ok
1 verbose cli [ '/usr/local/bin/node', '/usr/local/bin/npm', 'i' ]
2 info using npm@1.4.3
3 info using node@v0.10.26
4 verbose readDependencies using package.json deps
5 verbose install where, deps [ '/Users/ruslan/www/is.blog',
5 verbose install   [ 'moment',
5 verbose install     'underscore',
5 verbose install     'typogr',
5 verbose install     'express',
5 verbose install     'wintersmith',
5 verbose install     'wintersmith-less',
5 verbose install     'wintersmith-coffee' ] ]
6 info preinstall @
7 warn package.json wintersmith-coffee@0.2.1 No repository field.
8 warn package.json wintersmith-less@0.2.3 No repository field.
9 verbose readDependencies using package.json deps
10 verbose already installed skipping typogr@0.5.x /Users/ruslan/www/is.blog
11 verbose already installed skipping moment@2.3.x /Users/ruslan/www/is.blog
12 verbose already installed skipping underscore@1.4.x /Users/ruslan/www/is.blog
13 verbose already installed skipping wintersmith@^2.1.0 /Users/ruslan/www/is.blog
14 verbose already installed skipping express@^4.4.4 /Users/ruslan/www/is.blog
15 verbose already installed skipping wintersmith-less@^0.2.3 /Users/ruslan/www/is.blog
16 verbose already installed skipping wintersmith-coffee@^0.2.1 /Users/ruslan/www/is.blog
17 silly resolved []
18 info build /Users/ruslan/www/is.blog
19 verbose linkStuff [ false, false, false, '/Users/ruslan/www' ]
20 info linkStuff @
21 verbose linkBins @
22 verbose linkMans @
23 verbose rebuildBundles @
24 verbose rebuildBundles [ '.bin',
24 verbose rebuildBundles   'express',
24 verbose rebuildBundles   'moment',
24 verbose rebuildBundles   'typogr',
24 verbose rebuildBundles   'underscore',
24 verbose rebuildBundles   'wintersmith',
24 verbose rebuildBundles   'wintersmith-coffee',
24 verbose rebuildBundles   'wintersmith-less' ]
25 info install @
26 info postinstall @
27 verbose unsafe-perm in lifecycle true
28 info @ Failed to exec postinstall script
29 error @ postinstall: `wintersmith build`
29 error Exit status 1
30 error Failed at the @ postinstall script.
30 error This is most likely a problem with the  package,
30 error not with npm itself.
30 error Tell the author that this fails on your system:
30 error     wintersmith build
30 error You can get their info via:
30 error     npm owner ls
30 error There is likely additional logging output above.
31 error System Darwin 12.5.0
32 error command "/usr/local/bin/node" "/usr/local/bin/npm" "i"
33 error cwd /Users/ruslan/www/is.blog
34 error node -v v0.10.26
35 error npm -v 1.4.3
36 error code ELIFECYCLE
37 verbose exit [ 1, true ]
